<?xml version="1.0" encoding="UTF-8"?>
<robot generator="Robot 5.0.1 (Python 3.10.8 on win32)" generated="20221027 19:06:22.898" rpa="false" schemaversion="3">
<suite id="s1" name="Mercado" source="C:\Users\marcia\Documents\mercadolivrerobot\mercado.robot">
<test id="s1-t1" name="cenario 1: executar video no site do youtub" line="40">
<kw name="Dado que eu acesse o site do youtube">
<kw name="Open Browser" library="SeleniumLibrary">
<arg>${url}</arg>
<arg>${Browser}</arg>
<doc>Opens a new browser instance to the optional ``url``.</doc>
<msg timestamp="20221027 19:06:24.600" level="INFO">Opening browser 'Chrome' to base url 'https://www.youtube.com/'.</msg>
<status status="PASS" starttime="20221027 19:06:24.597" endtime="20221027 19:06:39.508"/>
</kw>
<status status="PASS" starttime="20221027 19:06:24.594" endtime="20221027 19:06:39.509"/>
</kw>
<kw name="Quando digito o nome da música">
<kw name="Input Text" library="SeleniumLibrary">
<arg>${input_Pesquisa}</arg>
<arg>${NomeDaMusica}</arg>
<doc>Types the given ``text`` into the text field identified by ``locator``.</doc>
<msg timestamp="20221027 19:06:39.855" level="INFO">Typing text 'Bruno Mars monkey' into text field '//input[@id="search"]'.</msg>
<status status="PASS" starttime="20221027 19:06:39.852" endtime="20221027 19:06:48.783"/>
</kw>
<status status="PASS" starttime="20221027 19:06:39.850" endtime="20221027 19:06:48.784"/>
</kw>
<kw name=" E clico no botão buscar">
<kw name="Click Element" library="SeleniumLibrary">
<arg>${Button_Pesquisa}</arg>
<doc>Click the element identified by ``locator``.</doc>
<msg timestamp="20221027 19:06:48.794" level="INFO">Clicking element '//button[@id="search-icon-legacy"]'.</msg>
<status status="PASS" starttime="20221027 19:06:48.792" endtime="20221027 19:06:50.805"/>
</kw>
<status status="PASS" starttime="20221027 19:06:48.790" endtime="20221027 19:06:50.806"/>
</kw>
<kw name=" E clico na primeira opção da lista">
<kw name="Wait Until Element Is Visible" library="SeleniumLibrary">
<arg>${Primeiro}</arg>
<arg>20</arg>
<doc>Waits until the element ``locator`` is visible.</doc>
<status status="PASS" starttime="20221027 19:06:50.824" endtime="20221027 19:06:53.876"/>
</kw>
<kw name="Click Element" library="SeleniumLibrary">
<arg>${Primeiro}</arg>
<doc>Click the element identified by ``locator``.</doc>
<msg timestamp="20221027 19:06:53.878" level="INFO">Clicking element '(//yt-formatted-string[@class="style-scope ytd-video-renderer"])[1]'.</msg>
<status status="PASS" starttime="20221027 19:06:53.877" endtime="20221027 19:06:56.052"/>
</kw>
<status status="PASS" starttime="20221027 19:06:50.822" endtime="20221027 19:06:56.053"/>
</kw>
<kw name=" então o video e executado">
<kw name="Wait Until Element Is Visible" library="SeleniumLibrary">
<arg>${Prova}</arg>
<arg>20</arg>
<doc>Waits until the element ``locator`` is visible.</doc>
<status status="PASS" starttime="20221027 19:06:56.076" endtime="20221027 19:07:01.239"/>
</kw>
<kw name="Element Should Be Visible" library="SeleniumLibrary">
<arg>${Prova}</arg>
<doc>Verifies that the element identified by ``locator`` is visible.</doc>
<msg timestamp="20221027 19:07:03.308" level="INFO">Element '(//yt-formatted-string[contains(text(),"Compartilhar")])[1]' is displayed.</msg>
<status status="PASS" starttime="20221027 19:07:01.239" endtime="20221027 19:07:03.309"/>
</kw>
<kw name="Sleep" library="BuiltIn">
<arg>5s</arg>
<doc>Pauses the test executed for the given time.</doc>
<msg timestamp="20221027 19:07:08.323" level="INFO">Slept 5 seconds</msg>
<status status="PASS" starttime="20221027 19:07:03.310" endtime="20221027 19:07:08.325"/>
</kw>
<kw name="Close Browser" library="SeleniumLibrary">
<doc>Closes the current browser.</doc>
<status status="PASS" starttime="20221027 19:07:08.326" endtime="20221027 19:07:13.733"/>
</kw>
<status status="PASS" starttime="20221027 19:06:56.074" endtime="20221027 19:07:13.736"/>
</kw>
<status status="PASS" starttime="20221027 19:06:24.589" endtime="20221027 19:07:13.741"/>
</test>
<status status="PASS" starttime="20221027 19:06:22.907" endtime="20221027 19:07:13.785"/>
</suite>
<statistics>
<total>
<stat pass="1" fail="0" skip="0">All Tests</stat>
</total>
<tag>
</tag>
<suite>
<stat pass="1" fail="0" skip="0" id="s1" name="Mercado">Mercado</stat>
</suite>
</statistics>
<errors>
</errors>
</robot>
